# JRE version: Java(TM) SE Runtime Environment (8.0_66-b17) (build 1.8.0_66-b17)
# Java VM: Java HotSpot(TM) 64-Bit Server VM (25.66-b17 mixed mode windows-amd64 compressed oops)
Heap:
 PSYoungGen      total 486400K, used 478180K [0x00000000e0000000, 0x0000000100000000, 0x0000000100000000)
  eden space 451584K, 100% used [0x00000000e0000000,0x00000000fb900000,0x00000000fb900000)
  from space 34816K, 76% used [0x00000000fb900000,0x00000000fd2f9280,0x00000000fdb00000)
  to   space 36864K, 61% used [0x00000000fdc00000,0x00000000ff224d20,0x0000000100000000)
 ParOldGen       total 158720K, used 118563K [0x00000000a0000000, 0x00000000a9b00000, 0x00000000e0000000)
  object space 158720K, 74% used [0x00000000a0000000,0x00000000a73c8cd8,0x00000000a9b00000)
 Metaspace       used 105383K, capacity 112796K, committed 113024K, reserved 1146880K
  class space    used 13361K, capacity 14669K, committed 14720K, reserved 1048576K
GC Heap History (10 events):
Event: 25298.654 GC heap after
Heap after GC invocations=67 (full 4):
 PSYoungGen      total 481792K, used 17329K [0x00000000e0000000, 0x00000000ffd80000, 0x0000000100000000)
  eden space 444416K, 0% used [0x00000000e0000000,0x00000000e0000000,0x00000000fb200000)
  from space 37376K, 46% used [0x00000000fb200000,0x00000000fc2ec618,0x00000000fd680000)
  to   space 36352K, 0% used [0x00000000fda00000,0x00000000fda00000,0x00000000ffd80000)
 ParOldGen       total 158720K, used 118531K [0x00000000a0000000, 0x00000000a9b00000, 0x00000000e0000000)
  object space 158720K, 74% used [0x00000000a0000000,0x00000000a73c0cd8,0x00000000a9b00000)
 Metaspace       used 104353K, capacity 111694K, committed 112000K, reserved 1146880K
  class space    used 13321K, capacity 14612K, committed 14720K, reserved 1048576K
}
Event: 25435.899 GC heap before
{Heap before GC invocations=68 (full 4):
 PSYoungGen      total 481792K, used 461745K [0x00000000e0000000, 0x00000000ffd80000, 0x0000000100000000)
  eden space 444416K, 100% used [0x00000000e0000000,0x00000000fb200000,0x00000000fb200000)
  from space 37376K, 46% used [0x00000000fb200000,0x00000000fc2ec618,0x00000000fd680000)
  to   space 36352K, 0% used [0x00000000fda00000,0x00000000fda00000,0x00000000ffd80000)
 ParOldGen       total 158720K, used 118531K [0x00000000a0000000, 0x00000000a9b00000, 0x00000000e0000000)
  object space 158720K, 74% used [0x00000000a0000000,0x00000000a73c0cd8,0x00000000a9b00000)
 Metaspace       used 104621K, capacity 111956K, committed 112256K, reserved 1146880K
  class space    used 13335K, capacity 14633K, committed 14720K, reserved 1048576K
Event: 25435.945 GC heap after
Heap after GC invocations=68 (full 4):
 PSYoungGen      total 485376K, used 20283K [0x00000000e0000000, 0x00000000fff00000, 0x0000000100000000)
  eden space 449024K, 0% used [0x00000000e0000000,0x00000000e0000000,0x00000000fb680000)
  from space 36352K, 55% used [0x00000000fda00000,0x00000000fedcecc0,0x00000000ffd80000)
  to   space 36352K, 0% used [0x00000000fb680000,0x00000000fb680000,0x00000000fda00000)
 ParOldGen       total 158720K, used 118539K [0x00000000a0000000, 0x00000000a9b00000, 0x00000000e0000000)
  object space 158720K, 74% used [0x00000000a0000000,0x00000000a73c2cd8,0x00000000a9b00000)
 Metaspace       used 104621K, capacity 111956K, committed 112256K, reserved 1146880K
  class space    used 13335K, capacity 14633K, committed 14720K, reserved 1048576K
}
Event: 26172.566 GC heap before
{Heap before GC invocations=69 (full 4):
 PSYoungGen      total 485376K, used 469307K [0x00000000e0000000, 0x00000000fff00000, 0x0000000100000000)
  eden space 449024K, 100% used [0x00000000e0000000,0x00000000fb680000,0x00000000fb680000)
  from space 36352K, 55% used [0x00000000fda00000,0x00000000fedcecc0,0x00000000ffd80000)
  to   space 36352K, 0% used [0x00000000fb680000,0x00000000fb680000,0x00000000fda00000)
 ParOldGen       total 158720K, used 118539K [0x00000000a0000000, 0x00000000a9b00000, 0x00000000e0000000)
  object space 158720K, 74% used [0x00000000a0000000,0x00000000a73c2cd8,0x00000000a9b00000)
 Metaspace       used 104856K, capacity 112248K, committed 112512K, reserved 1146880K
  class space    used 13338K, capacity 14635K, committed 14720K, reserved 1048576K
Event: 26172.599 GC heap after
Heap after GC invocations=69 (full 4):
 PSYoungGen      total 485376K, used 16655K [0x00000000e0000000, 0x00000000ffd00000, 0x0000000100000000)
  eden space 449024K, 0% used [0x00000000e0000000,0x00000000e0000000,0x00000000fb680000)
  from space 36352K, 45% used [0x00000000fb680000,0x00000000fc6c3d10,0x00000000fda00000)
  to   space 34816K, 0% used [0x00000000fdb00000,0x00000000fdb00000,0x00000000ffd00000)
 ParOldGen       total 158720K, used 118547K [0x00000000a0000000, 0x00000000a9b00000, 0x00000000e0000000)
  object space 158720K, 74% used [0x00000000a0000000,0x00000000a73c4cd8,0x00000000a9b00000)
 Metaspace       used 104856K, capacity 112248K, committed 112512K, reserved 1146880K
  class space    used 13338K, capacity 14635K, committed 14720K, reserved 1048576K
}
Event: 26434.036 GC heap before
{Heap before GC invocations=70 (full 4):
 PSYoungGen      total 485376K, used 465679K [0x00000000e0000000, 0x00000000ffd00000, 0x0000000100000000)
  eden space 449024K, 100% used [0x00000000e0000000,0x00000000fb680000,0x00000000fb680000)
  from space 36352K, 45% used [0x00000000fb680000,0x00000000fc6c3d10,0x00000000fda00000)
  to   space 34816K, 0% used [0x00000000fdb00000,0x00000000fdb00000,0x00000000ffd00000)
 ParOldGen       total 158720K, used 118547K [0x00000000a0000000, 0x00000000a9b00000, 0x00000000e0000000)
  object space 158720K, 74% used [0x00000000a0000000,0x00000000a73c4cd8,0x00000000a9b00000)
 Metaspace       used 105098K, capacity 112504K, committed 112768K, reserved 1146880K
  class space    used 13344K, capacity 14645K, committed 14720K, reserved 1048576K
Event: 26434.069 GC heap after
Heap after GC invocations=70 (full 4):
 PSYoungGen      total 486400K, used 21603K [0x00000000e0000000, 0x00000000ffe80000, 0x0000000100000000)
  eden space 451584K, 0% used [0x00000000e0000000,0x00000000e0000000,0x00000000fb900000)
  from space 34816K, 62% used [0x00000000fdb00000,0x00000000ff018c60,0x00000000ffd00000)
  to   space 34816K, 0% used [0x00000000fb900000,0x00000000fb900000,0x00000000fdb00000)
 ParOldGen       total 158720K, used 118547K [0x00000000a0000000, 0x00000000a9b00000, 0x00000000e0000000)
  object space 158720K, 74% used [0x00000000a0000000,0x00000000a73c4cd8,0x00000000a9b00000)
 Metaspace       used 105098K, capacity 112504K, committed 112768K, reserved 1146880K
  class space    used 13344K, capacity 14645K, committed 14720K, reserved 1048576K
}
Event: 26676.518 GC heap before
{Heap before GC invocations=71 (full 4):
 PSYoungGen      total 486400K, used 473187K [0x00000000e0000000, 0x00000000ffe80000, 0x0000000100000000)
  eden space 451584K, 100% used [0x00000000e0000000,0x00000000fb900000,0x00000000fb900000)
  from space 34816K, 62% used [0x00000000fdb00000,0x00000000ff018c60,0x00000000ffd00000)
  to   space 34816K, 0% used [0x00000000fb900000,0x00000000fb900000,0x00000000fdb00000)
 ParOldGen       total 158720K, used 118547K [0x00000000a0000000, 0x00000000a9b00000, 0x00000000e0000000)
  object space 158720K, 74% used [0x00000000a0000000,0x00000000a73c4cd8,0x00000000a9b00000)
 Metaspace       used 105210K, capacity 112594K, committed 112768K, reserved 1146880K
  class space    used 13346K, capacity 14646K, committed 14720K, reserved 1048576K
Event: 26676.568 GC heap after
Heap after GC invocations=71 (full 4):
 PSYoungGen      total 486400K, used 26596K [0x00000000e0000000, 0x0000000100000000, 0x0000000100000000)
  eden space 451584K, 0% used [0x00000000e0000000,0x00000000e0000000,0x00000000fb900000)
  from space 34816K, 76% used [0x00000000fb900000,0x00000000fd2f9280,0x00000000fdb00000)
  to   space 36864K, 0% used [0x00000000fdc00000,0x00000000fdc00000,0x0000000100000000)
 ParOldGen       total 158720K, used 118555K [0x00000000a0000000, 0x00000000a9b00000, 0x00000000e0000000)
  object space 158720K, 74% used [0x00000000a0000000,0x00000000a73c6cd8,0x00000000a9b00000)
 Metaspace       used 105210K, capacity 112594K, committed 112768K, reserved 1146880K
  class space    used 13346K, capacity 14646K, committed 14720K, reserved 1048576K
}
Event: 27074.721 GC heap before
{Heap before GC invocations=72 (full 4):
 PSYoungGen      total 486400K, used 478180K [0x00000000e0000000, 0x0000000100000000, 0x0000000100000000)
  eden space 451584K, 100% used [0x00000000e0000000,0x00000000fb900000,0x00000000fb900000)
  from space 34816K, 76% used [0x00000000fb900000,0x00000000fd2f9280,0x00000000fdb00000)
  to   space 36864K, 0% used [0x00000000fdc00000,0x00000000fdc00000,0x0000000100000000)
 ParOldGen       total 158720K, used 118555K [0x00000000a0000000, 0x00000000a9b00000, 0x00000000e0000000)
  object space 158720K, 74% used [0x00000000a0000000,0x00000000a73c6cd8,0x00000000a9b00000)
 Metaspace       used 105383K, capacity 112796K, committed 113024K, reserved 1146880K
  class space    used 13361K, capacity 14669K, committed 14720K, reserved 1048576K

